
> technews26@0.1.0 build
> next build

Î“ĂśĂˇ Warning: Next.js inferred your workspace root, but it may not be correct.
 We detected multiple lockfiles and selected the directory of C:\Users\jparg\package-lock.json as the root directory.
 To silence this warning, set `turbopack.root` in your Next.js config, or consider removing one of the lockfiles if it's not needed.
   See https://nextjs.org/docs/app/api-reference/config/next-config-js/turbopack#root-directory for more information.
 Detected additional lockfiles: 
   * C:\Users\jparg\Downloads\technews26\package-lock.json

Î“Ă»â–“ Next.js 16.1.6 (Turbopack)
- Environments: .env.local

Î“ĂśĂˇ The "middleware" file convention is deprecated. Please use "proxy" instead. Learn more: https://nextjs.org/docs/messages/middleware-to-proxy
  Creating an optimized production build ...
Î“ÂŁĂ´ Compiled successfully in 7.9s
  Running TypeScript ...
  Collecting page data using 7 workers ...
  Generating static pages using 7 workers (0/25) ...
Î“ĂśĂˇ metadataBase property in metadata export is not set for resolving social open graph or twitter images, using "http://localhost:3000". See https://nextjs.org/docs/app/api-reference/functions/generate-metadata#metadatabase
  Generating static pages using 7 workers (6/25) 
  Generating static pages using 7 workers (12/25) 
Supabase getPosts error, falling back to Ghost/mock: null
Supabase getPosts error, falling back to Ghost/mock: null
Supabase getPosts error, falling back to Ghost/mock: null
  Generating static pages using 7 workers (18/25) 
Supabase getPosts error, falling back to Ghost/mock: null
Î“ÂŁĂ´ Generating static pages using 7 workers (25/25) in 1334.4ms
  Finalizing page optimization ...

Route (app)
Î“Ă¶Ă® Î“ĂąĂŻ /
Î“Ă¶ÂŁ Î“ĂąĂŻ /_not-found
Î“Ă¶ÂŁ Î“ĂąĂŻ /about
Î“Ă¶ÂŁ Î“ĂąĂŻ /admin
Î“Ă¶ÂŁ Î“ĂąĂŻ /admin/ads
Î“Ă¶ÂŁ â•žĂ† /admin/articles
Î“Ă¶ÂŁ Î“ĂąĂŻ /admin/articles/new
Î“Ă¶ÂŁ Î“ĂąĂŻ /admin/categories
Î“Ă¶ÂŁ â•žĂ† /admin/dashboard
Î“Ă¶ÂŁ Î“ĂąĂŻ /admin/login
Î“Ă¶ÂŁ Î“ĂąĂŻ /admin/settings
Î“Ă¶ÂŁ â•žĂ† /api/admin/posts
Î“Ă¶ÂŁ â•žĂ† /api/chat
Î“Ă¶ÂŁ â•žĂ† /api/test-posts
Î“Ă¶ÂŁ Î“ĂąĂŻ /apple
Î“Ă¶ÂŁ â•žĂ† /auth/callback
Î“Ă¶ÂŁ Î“ĂąĂŻ /contact
Î“Ă¶ÂŁ â•žĂ† /dashboard
Î“Ă¶ÂŁ Î“ĂąĂŻ /forgot-password
Î“Ă¶ÂŁ Î“ĂąĂŻ /icon.png
Î“Ă¶ÂŁ Î“ĂąĂŻ /login
Î“Ă¶ÂŁ Î“ĂąĂŻ /mwc
Î“Ă¶ÂŁ Î“ĂąĂŻ /opengraph-image.png
Î“Ă¶ÂŁ â•žĂ† /post/[slug]
Î“Ă¶ÂŁ Î“ĂąĂŻ /privacy
Î“Ă¶ÂŁ Î“ĂąĂŻ /signup
Î“Ă¶ÂŁ Î“ĂąĂŻ /terms
Î“Ă¶Ă¶ Î“ĂąĂŻ /vibe


â•žĂ† Proxy (Middleware)

Î“ĂąĂŻ  (Static)   prerendered as static content
â•žĂ†  (Dynamic)  server-rendered on demand

