
> technews26@0.1.0 build
> next build

ΓÜá Warning: Next.js inferred your workspace root, but it may not be correct.
 We detected multiple lockfiles and selected the directory of C:\Users\jparg\package-lock.json as the root directory.
 To silence this warning, set `turbopack.root` in your Next.js config, or consider removing one of the lockfiles if it's not needed.
   See https://nextjs.org/docs/app/api-reference/config/next-config-js/turbopack#root-directory for more information.
 Detected additional lockfiles: 
   * C:\Users\jparg\Downloads\technews26\package-lock.json

Γû▓ Next.js 16.1.6 (Turbopack)

  Creating an optimized production build ...
Γ£ô Compiled successfully in 4.1s
  Running TypeScript ...
Failed to compile.

./src/lib/ghost.ts:34:20
Type error: Parameter 'err' implicitly has an 'any' type.

  32 |                 slug: postSlug
  33 |             }, { include: 'tags,authors' })
> 34 |             .catch(err => {
     |                    ^
  35 |                 console.error(err);
  36 |                 return mockPosts().find(post => post.slug === postSlug);
  37 |             });
Next.js build worker exited with code: 1 and signal: null
