
> technews26@0.1.0 build
> next build

ΓÜá Warning: Next.js inferred your workspace root, but it may not be correct.
 We detected multiple lockfiles and selected the directory of C:\Users\jparg\package-lock.json as the root directory.
 To silence this warning, set `turbopack.root` in your Next.js config, or consider removing one of the lockfiles if it's not needed.
   See https://nextjs.org/docs/app/api-reference/config/next-config-js/turbopack#root-directory for more information.
 Detected additional lockfiles: 
   * C:\Users\jparg\Downloads\technews26\package-lock.json

Γû▓ Next.js 16.1.6 (Turbopack)

  Creating an optimized production build ...
Γ£ô Compiled successfully in 4.9s
  Running TypeScript ...
Failed to compile.

./src/components/widgets/TechPilot.tsx:7:23
Type error: Property 'input' does not exist on type 'UseChatHelpers<UIMessage<unknown, UIDataTypes, UITools>>'.

   5 |
   6 | export default function TechPilot() {
>  7 |     const { messages, input, handleInputChange, handleSubmit, isLoading } = useChat();
     |                       ^
   8 |
   9 |     return (
  10 |         <div className="glass flex flex-col h-[350px] rounded-2xl overflow-hidden border-white/5 relative group mt-auto pt-4 shadow-[0_0_20px_rgba(176,38,255,0.1)]">
Next.js build worker exited with code: 1 and signal: null
