
> technews26@0.1.0 build
> next build

ΓÜá Warning: Next.js inferred your workspace root, but it may not be correct.
 We detected multiple lockfiles and selected the directory of C:\Users\jparg\package-lock.json as the root directory.
 To silence this warning, set `turbopack.root` in your Next.js config, or consider removing one of the lockfiles if it's not needed.
   See https://nextjs.org/docs/app/api-reference/config/next-config-js/turbopack#root-directory for more information.
 Detected additional lockfiles: 
   * C:\Users\jparg\Downloads\technews26\package-lock.json

Γû▓ Next.js 16.1.6 (Turbopack)

  Creating an optimized production build ...
Γ£ô Compiled successfully in 7.8s
  Running TypeScript ...
Failed to compile.

./src/components/widgets/TechPilot.tsx:7:5
Type error: Unused '@ts-expect-error' directive.

   5 |
   6 | export default function TechPilot() {
>  7 |     // @ts-expect-error - AI SDK type mismatch in this version
     |     ^
   8 |     const { messages, input, handleInputChange, handleSubmit, isLoading } = useChat() as any;
   9 |
  10 |     return (
Next.js build worker exited with code: 1 and signal: null
