
> technews26@0.1.0 build
> next build

ΓÜá Warning: Next.js inferred your workspace root, but it may not be correct.
 We detected multiple lockfiles and selected the directory of C:\Users\jparg\package-lock.json as the root directory.
 To silence this warning, set `turbopack.root` in your Next.js config, or consider removing one of the lockfiles if it's not needed.
   See https://nextjs.org/docs/app/api-reference/config/next-config-js/turbopack#root-directory for more information.
 Detected additional lockfiles: 
   * C:\Users\jparg\Downloads\technews26\package-lock.json

Γû▓ Next.js 16.1.6 (Turbopack)

  Creating an optimized production build ...
Γ£ô Compiled successfully in 5.0s
  Running TypeScript ...
Failed to compile.

./src/lib/ghost.ts:1:29
Type error: Could not find a declaration file for module '@tryghost/content-api'. 'C:/Users/jparg/Downloads/technews26/node_modules/@tryghost/content-api/cjs/content-api.js' implicitly has an 'any' type.
  Try `npm i --save-dev @types/tryghost__content-api` if it exists or add a new declaration (.d.ts) file containing `declare module '@tryghost/content-api';`

> 1 | import GhostContentAPI from '@tryghost/content-api';
    |                             ^
  2 |
  3 | // Create API instance with site credentials
  4 | // Fallback to mocking if credentials aren't provided
Next.js build worker exited with code: 1 and signal: null
