
> technews26@0.1.0 build
> next build

ΓÜá Warning: Next.js inferred your workspace root, but it may not be correct.
 We detected multiple lockfiles and selected the directory of C:\Users\jparg\package-lock.json as the root directory.
 To silence this warning, set `turbopack.root` in your Next.js config, or consider removing one of the lockfiles if it's not needed.
   See https://nextjs.org/docs/app/api-reference/config/next-config-js/turbopack#root-directory for more information.
 Detected additional lockfiles: 
   * C:\Users\jparg\Downloads\technews26\package-lock.json

Γû▓ Next.js 16.1.6 (Turbopack)

  Creating an optimized production build ...

> Build error occurred
Error: Turbopack build failed with 1 errors:
./Downloads/technews26/src/components/widgets/TechPilot.tsx:3:1
Module not found: Can't resolve 'ai/react'
  1 | "use client";
  2 | import React from 'react';
> 3 | import { useChat } from 'ai/react';
    | ^^^^^^^^^^^^^^^^^^^^^^^^^^^^^^^^^^^
  4 | import { Send, Bot } from 'lucide-react';
  5 |
  6 | export default function TechPilot() {



Import trace:
  Server Component:
    ./Downloads/technews26/src/components/widgets/TechPilot.tsx
    ./Downloads/technews26/src/components/layout/Sidebar.tsx
    ./Downloads/technews26/src/app/page.tsx

https://nextjs.org/docs/messages/module-not-found


    at <unknown> (./Downloads/technews26/src/components/widgets/TechPilot.tsx:3:1)
    at <unknown> (https://nextjs.org/docs/messages/module-not-found)
